0 info it worked if it ends with ok
1 verbose cli [ 'C:\\Program Files\\nodejs\\node.exe',
1 verbose cli   'C:\\Program Files\\nodejs\\node_modules\\npm\\bin\\npm-cli.js',
1 verbose cli   'run',
1 verbose cli   'build' ]
2 info using npm@3.10.9
3 info using node@v7.2.0
4 verbose run-script [ 'prebuild', 'build', 'postbuild' ]
5 info lifecycle proyecto@~prebuild: proyecto@
6 silly lifecycle proyecto@~prebuild: no script for prebuild, continuing
7 info lifecycle proyecto@~build: proyecto@
8 verbose lifecycle proyecto@~build: unsafe-perm in lifecycle true
9 verbose lifecycle proyecto@~build: PATH: C:\Users\w22\AppData\Roaming\nvm\v7.2.0\node_modules\npm\bin\node-gyp-bin;F:\Mcs-Webs\Proyectos\Curso-Laravel-VyV\node_modules\.bin;C:\Users\w22\AppData\Roaming\Composer\vendor\bin;C:\wamp\bin\php\php5.5.12;c:\windows;c:\windows\system32;c:\windows\system32\wbem ;C:\Program Files\Git\cmd;C:\Program Files (x86)\QuickTime\QTSystem\;C:\Program Files (x86)\NVIDIA Corporation\PhysX\Common;C:\Users\w22\AppData\Roaming\nvm;C:\Program Files\nodejs;C:\HashiCorp\Vagrant\bin;C:\Windows\System32\WindowsPowerShell\v1.0;;C:\Windows\System32\WindowsPowerShell\v1.0\;C:\Users\w22\AppData\Local\GitHubDesktop\bin;C:\Users\w22\AppData\Roaming\nvm;C:\Program Files\nodejs;C:\Users\w22\AppData\Local\Programs\Microsoft VS Code\bin
10 verbose lifecycle proyecto@~build: CWD: F:\Mcs-Webs\Proyectos\Curso-Laravel-VyV
11 silly lifecycle proyecto@~build: Args: [ '/d /s /c', 'webpack --config production.webpack.config.js' ]
12 silly lifecycle proyecto@~build: Returned: code: 1  signal: null
13 info lifecycle proyecto@~build: Failed to exec build script
14 verbose stack Error: proyecto@ build: `webpack --config production.webpack.config.js`
14 verbose stack Exit status 1
14 verbose stack     at EventEmitter.<anonymous> (C:\Users\w22\AppData\Roaming\nvm\v7.2.0\node_modules\npm\lib\utils\lifecycle.js:255:16)
14 verbose stack     at emitTwo (events.js:106:13)
14 verbose stack     at EventEmitter.emit (events.js:191:7)
14 verbose stack     at ChildProcess.<anonymous> (C:\Users\w22\AppData\Roaming\nvm\v7.2.0\node_modules\npm\lib\utils\spawn.js:40:14)
14 verbose stack     at emitTwo (events.js:106:13)
14 verbose stack     at ChildProcess.emit (events.js:191:7)
14 verbose stack     at maybeClose (internal/child_process.js:885:16)
14 verbose stack     at Process.ChildProcess._handle.onexit (internal/child_process.js:226:5)
15 verbose pkgid proyecto@
16 verbose cwd F:\Mcs-Webs\Proyectos\Curso-Laravel-VyV
17 error Windows_NT 6.1.7601
18 error argv "C:\\Program Files\\nodejs\\node.exe" "C:\\Program Files\\nodejs\\node_modules\\npm\\bin\\npm-cli.js" "run" "build"
19 error node v7.2.0
20 error npm  v3.10.9
21 error code ELIFECYCLE
22 error proyecto@ build: `webpack --config production.webpack.config.js`
22 error Exit status 1
23 error Failed at the proyecto@ build script 'webpack --config production.webpack.config.js'.
23 error Make sure you have the latest version of node.js and npm installed.
23 error If you do, this is most likely a problem with the proyecto package,
23 error not with npm itself.
23 error Tell the author that this fails on your system:
23 error     webpack --config production.webpack.config.js
23 error You can get information on how to open an issue for this project with:
23 error     npm bugs proyecto
23 error Or if that isn't available, you can get their info via:
23 error     npm owner ls proyecto
23 error There is likely additional logging output above.
24 verbose exit [ 1, true ]
